<?xml version="1.0" encoding="UTF-8"?>
<testsuite xmlns:xsi="http://www.w3.org/2001/XMLSchema-instance" xsi:noNamespaceSchemaLocation="https://maven.apache.org/surefire/maven-surefire-plugin/xsd/surefire-test-report.xsd" name="com.cic.ada.Project1Test" time="1.274" tests="12" errors="0" skipped="0" failures="0">
  <properties>
    <property name="sun.desktop" value="gnome"/>
    <property name="awt.toolkit" value="sun.awt.X11.XToolkit"/>
    <property name="java.specification.version" value="11"/>
    <property name="sun.cpu.isalist" value=""/>
    <property name="sun.jnu.encoding" value="UTF-8"/>
    <property name="java.class.path" value="/home/victor/Documents/GitHub/AnalisisAlgoritmos/target/test-classes:/home/victor/Documents/GitHub/AnalisisAlgoritmos/target/classes:/home/victor/.m2/repository/junit/junit/4.11/junit-4.11.jar:/home/victor/.m2/repository/org/hamcrest/hamcrest-core/1.3/hamcrest-core-1.3.jar:"/>
    <property name="java.vm.vendor" value="Ubuntu"/>
    <property name="sun.arch.data.model" value="64"/>
    <property name="java.vendor.url" value="https://ubuntu.com/"/>
    <property name="user.timezone" value=""/>
    <property name="java.vm.specification.version" value="11"/>
    <property name="os.name" value="Linux"/>
    <property name="sun.java.launcher" value="SUN_STANDARD"/>
    <property name="user.country" value="US"/>
    <property name="sun.boot.library.path" value="/usr/lib/jvm/java-11-openjdk-amd64/lib"/>
    <property name="sun.java.command" value="/home/victor/Documents/GitHub/AnalisisAlgoritmos/target/surefire/surefirebooter13222715351253892594.jar /home/victor/Documents/GitHub/AnalisisAlgoritmos/target/surefire 2020-05-24T20-17-05_333-jvmRun1 surefire5769012090703068468tmp surefire_012927990502116007660tmp"/>
    <property name="jdk.debug" value="release"/>
    <property name="surefire.test.class.path" value="/home/victor/Documents/GitHub/AnalisisAlgoritmos/target/test-classes:/home/victor/Documents/GitHub/AnalisisAlgoritmos/target/classes:/home/victor/.m2/repository/junit/junit/4.11/junit-4.11.jar:/home/victor/.m2/repository/org/hamcrest/hamcrest-core/1.3/hamcrest-core-1.3.jar:"/>
    <property name="sun.cpu.endian" value="little"/>
    <property name="user.home" value="/home/victor"/>
    <property name="user.language" value="en"/>
    <property name="java.specification.vendor" value="Oracle Corporation"/>
    <property name="java.version.date" value="2020-04-14"/>
    <property name="java.home" value="/usr/lib/jvm/java-11-openjdk-amd64"/>
    <property name="file.separator" value="/"/>
    <property name="basedir" value="/home/victor/Documents/GitHub/AnalisisAlgoritmos"/>
    <property name="java.vm.compressedOopsMode" value="Zero based"/>
    <property name="line.separator" value="&#10;"/>
    <property name="java.specification.name" value="Java Platform API Specification"/>
    <property name="java.vm.specification.vendor" value="Oracle Corporation"/>
    <property name="java.awt.graphicsenv" value="sun.awt.X11GraphicsEnvironment"/>
    <property name="surefire.real.class.path" value="/home/victor/Documents/GitHub/AnalisisAlgoritmos/target/surefire/surefirebooter13222715351253892594.jar"/>
    <property name="sun.management.compiler" value="HotSpot 64-Bit Tiered Compilers"/>
    <property name="java.runtime.version" value="11.0.7+10-post-Ubuntu-3ubuntu1"/>
    <property name="user.name" value="victor"/>
    <property name="path.separator" value=":"/>
    <property name="os.version" value="5.4.0-31-generic"/>
    <property name="java.runtime.name" value="OpenJDK Runtime Environment"/>
    <property name="file.encoding" value="UTF-8"/>
    <property name="java.vm.name" value="OpenJDK 64-Bit Server VM"/>
    <property name="localRepository" value="/home/victor/.m2/repository"/>
    <property name="java.vendor.url.bug" value="https://bugs.launchpad.net/ubuntu/+source/openjdk-lts"/>
    <property name="java.io.tmpdir" value="/tmp"/>
    <property name="java.version" value="11.0.7"/>
    <property name="user.dir" value="/home/victor/Documents/GitHub/AnalisisAlgoritmos"/>
    <property name="os.arch" value="amd64"/>
    <property name="java.vm.specification.name" value="Java Virtual Machine Specification"/>
    <property name="java.awt.printerjob" value="sun.print.PSPrinterJob"/>
    <property name="sun.os.patch.level" value="unknown"/>
    <property name="java.library.path" value="/usr/java/packages/lib:/usr/lib/x86_64-linux-gnu/jni:/lib/x86_64-linux-gnu:/usr/lib/x86_64-linux-gnu:/usr/lib/jni:/lib:/usr/lib"/>
    <property name="java.vendor" value="Ubuntu"/>
    <property name="java.vm.info" value="mixed mode"/>
    <property name="java.vm.version" value="11.0.7+10-post-Ubuntu-3ubuntu1"/>
    <property name="sun.io.unicode.encoding" value="UnicodeLittle"/>
    <property name="java.class.version" value="55.0"/>
  </properties>
  <testcase name="erdosRenyiFileTest" classname="com.cic.ada.Project1Test" time="0.002"/>
  <testcase name="erdosRenyiTest" classname="com.cic.ada.Project1Test" time="0.01"/>
  <testcase name="barabasiAlbertTest" classname="com.cic.ada.Project1Test" time="0"/>
  <testcase name="barabasiAlbertFileTest" classname="com.cic.ada.Project1Test" time="0.173"/>
  <testcase name="geographicTest" classname="com.cic.ada.Project1Test" time="0.309"/>
  <testcase name="gilbertFileTest" classname="com.cic.ada.Project1Test" time="0.135"/>
  <testcase name="addVertexTest" classname="com.cic.ada.Project1Test" time="0"/>
  <testcase name="geographicFileTest" classname="com.cic.ada.Project1Test" time="0.179"/>
  <testcase name="gilbertTest" classname="com.cic.ada.Project1Test" time="0.006"/>
  <testcase name="addEdgeTest" classname="com.cic.ada.Project1Test" time="0"/>
  <testcase name="graphGenerationTest" classname="com.cic.ada.Project1Test" time="0.46"/>
  <testcase name="checkIfVertexExistTest" classname="com.cic.ada.Project1Test" time="0"/>
</testsuite>